<?xml version="1.0" encoding="UTF-8"?>
<testng-results skipped="0" failed="0" total="2" passed="2">
  <reporter-output>
  </reporter-output>
  <suite name="Default suite" duration-ms="11059" started-at="2020-09-05T18:28:43Z" finished-at="2020-09-05T18:28:54Z">
    <groups>
    </groups>
    <test name="Default test" duration-ms="11059" started-at="2020-09-05T18:28:43Z" finished-at="2020-09-05T18:28:54Z">
      <class name="Project.GeneralTest">
        <test-method status="PASS" signature="BasePageNavigation()[pri:0, instance:Project.GeneralTest@75f32542]" name="BasePageNavigation" duration-ms="7739" started-at="2020-09-05T21:28:43Z" finished-at="2020-09-05T21:28:50Z">
          <reporter-output>
          </reporter-output>
        </test-method> <!-- BasePageNavigation -->
        <test-method status="PASS" signature="testLogin()[pri:0, instance:Project.GeneralTest@75f32542]" name="testLogin" duration-ms="3287" started-at="2020-09-05T21:28:50Z" finished-at="2020-09-05T21:28:54Z">
          <reporter-output>
          </reporter-output>
        </test-method> <!-- testLogin -->
      </class> <!-- Project.GeneralTest -->
    </test> <!-- Default test -->
  </suite> <!-- Default suite -->
</testng-results>
