<?xml version="1.0" encoding="UTF-8"?>
<testng-results skipped="0" failed="0" total="2" passed="2">
  <reporter-output>
  </reporter-output>
  <suite name="Default suite" duration-ms="20350" started-at="2020-09-05T16:31:53Z" finished-at="2020-09-05T16:32:13Z">
    <groups>
    </groups>
    <test name="Default test" duration-ms="20350" started-at="2020-09-05T16:31:53Z" finished-at="2020-09-05T16:32:13Z">
      <class name="Project.GeneralTest">
        <test-method status="PASS" signature="BasePageNavigation()[pri:0, instance:Project.GeneralTest@61832929]" name="BasePageNavigation" duration-ms="13844" started-at="2020-09-05T19:31:53Z" finished-at="2020-09-05T19:32:07Z">
          <reporter-output>
          </reporter-output>
        </test-method> <!-- BasePageNavigation -->
        <test-method status="PASS" signature="testLogin()[pri:0, instance:Project.GeneralTest@61832929]" name="testLogin" duration-ms="6478" started-at="2020-09-05T19:32:07Z" finished-at="2020-09-05T19:32:13Z">
          <reporter-output>
          </reporter-output>
        </test-method> <!-- testLogin -->
      </class> <!-- Project.GeneralTest -->
    </test> <!-- Default test -->
  </suite> <!-- Default suite -->
</testng-results>
